0 info it worked if it ends with ok
1 verbose cli [ '/usr/local/bin/node', '/usr/local/bin/npm', 'publish' ]
2 info using npm@2.14.7
3 info using node@v4.2.1
4 verbose publish [ '.' ]
5 silly cache add args [ '.', null ]
6 verbose cache add spec .
7 silly cache add parsed spec Result {
7 silly cache add   raw: '.',
7 silly cache add   scope: null,
7 silly cache add   name: null,
7 silly cache add   rawSpec: '.',
7 silly cache add   spec: '/Users/fabien/Documents/www/timestampbrunch/timestamp-brunch',
7 silly cache add   type: 'directory' }
8 verbose addLocalDirectory /Users/fabien/.npm/timestamp-brunch/0.2.3/package.tgz not in flight; packing
9 verbose tar pack [ '/Users/fabien/.npm/timestamp-brunch/0.2.3/package.tgz',
9 verbose tar pack   '/Users/fabien/Documents/www/timestampbrunch/timestamp-brunch' ]
10 verbose tarball /Users/fabien/.npm/timestamp-brunch/0.2.3/package.tgz
11 verbose folder /Users/fabien/Documents/www/timestampbrunch/timestamp-brunch
12 info prepublish timestamp-brunch@0.2.3
13 verbose addLocalTarball adding from inside cache /Users/fabien/.npm/timestamp-brunch/0.2.3/package.tgz
14 silly cache afterAdd timestamp-brunch@0.2.3
15 verbose afterAdd /Users/fabien/.npm/timestamp-brunch/0.2.3/package/package.json not in flight; writing
16 verbose afterAdd /Users/fabien/.npm/timestamp-brunch/0.2.3/package/package.json written
17 silly publish { name: 'timestamp-brunch',
17 silly publish   version: '0.2.3',
17 silly publish   description: 'Add timestamp to avoid the cache. JS/CSS',
17 silly publish   repository:
17 silly publish    { type: 'git',
17 silly publish      url: 'git+ssh://git@github.com/fabienL/timestamp-brunch.git' },
17 silly publish   keywords: [ 'brunch', 'brunch-timestamp' ],
17 silly publish   main: 'src/index.js',
17 silly publish   dependencies:
17 silly publish    { glob: '~4.3.5',
17 silly publish      promise: '^7.0.4',
17 silly publish      'recursive-readdir': '^1.3.0' },
17 silly publish   readme: '# TimeStamp Brunch\n\nAdd timestamp to avoid the cache. JS/CSS\n```\nnpm i timestamp-brunch -save\n```\n## Example \nConfig : \n```json\n"plugins": {\n\t"timestampbrunch" : {\n\t\t"environments" : ["dev", "production"],\n\t\t"referenceFiles" : "index.html",\n\t\t"suffix" : "min"\n\t}\n}\n```\nBrunch build \n```\nbrunch build -e dev\n```\nThis script tags will be compile\n```html\n<script src="js/vendor.js"></script>\n<script src="js/app.js"></script>\n```\nto \n```html\n<script src="js/vendor-1450212245757.min.js"></script>\n<script src="js/app-1450212245757.min.js"></script>\n```\nand the two new files will be created.\n',
17 silly publish   readmeFilename: 'README.md',
17 silly publish   gitHead: 'a9cc359a477fc800c7f1de5c1b3dc395547dfa4d',
17 silly publish   bugs: { url: 'https://github.com/fabienL/timestamp-brunch/issues' },
17 silly publish   homepage: 'https://github.com/fabienL/timestamp-brunch#readme',
17 silly publish   _id: 'timestamp-brunch@0.2.3',
17 silly publish   scripts: {},
17 silly publish   _shasum: 'bd377ada3b58141d5c01cd7b1a042814df5162b5',
17 silly publish   _from: '.' }
18 verbose getPublishConfig undefined
19 silly mapToRegistry name timestamp-brunch
20 silly mapToRegistry using default registry
21 silly mapToRegistry registry https://registry.npmjs.org/
22 silly mapToRegistry uri https://registry.npmjs.org/timestamp-brunch
23 verbose publish registryBase https://registry.npmjs.org/
24 silly publish uploading /Users/fabien/.npm/timestamp-brunch/0.2.3/package.tgz
25 verbose request uri https://registry.npmjs.org/timestamp-brunch
26 verbose request sending authorization for write operation
27 info attempt registry request try #1 at 23:08:43
28 verbose request using bearer token for auth
29 verbose request id 016b1a412ea312b0
30 http request PUT https://registry.npmjs.org/timestamp-brunch
31 http 403 https://registry.npmjs.org/timestamp-brunch
32 verbose headers { 'content-type': 'application/json',
32 verbose headers   'cache-control': 'max-age=300',
32 verbose headers   'content-length': '95',
32 verbose headers   'accept-ranges': 'bytes',
32 verbose headers   date: 'Tue, 15 Dec 2015 22:08:44 GMT',
32 verbose headers   via: '1.1 varnish',
32 verbose headers   connection: 'keep-alive',
32 verbose headers   'x-served-by': 'cache-fra1246-FRA',
32 verbose headers   'x-cache': 'MISS',
32 verbose headers   'x-cache-hits': '0',
32 verbose headers   'x-timer': 'S1450217323.587279,VS0,VE1060' }
33 verbose request invalidating /Users/fabien/.npm/registry.npmjs.org/timestamp-brunch on PUT
34 error publish Failed PUT 403
35 verbose stack Error: "You cannot publish over the previously published version 0.2.3." : timestamp-brunch
35 verbose stack     at makeError (/usr/local/lib/node_modules/npm/node_modules/npm-registry-client/lib/request.js:264:12)
35 verbose stack     at CachingRegistryClient.<anonymous> (/usr/local/lib/node_modules/npm/node_modules/npm-registry-client/lib/request.js:252:14)
35 verbose stack     at Request._callback (/usr/local/lib/node_modules/npm/node_modules/npm-registry-client/lib/request.js:172:14)
35 verbose stack     at Request.self.callback (/usr/local/lib/node_modules/npm/node_modules/request/request.js:198:22)
35 verbose stack     at emitTwo (events.js:87:13)
35 verbose stack     at Request.emit (events.js:172:7)
35 verbose stack     at Request.<anonymous> (/usr/local/lib/node_modules/npm/node_modules/request/request.js:1063:14)
35 verbose stack     at emitOne (events.js:82:20)
35 verbose stack     at Request.emit (events.js:169:7)
35 verbose stack     at IncomingMessage.<anonymous> (/usr/local/lib/node_modules/npm/node_modules/request/request.js:1009:12)
36 verbose statusCode 403
37 verbose pkgid timestamp-brunch
38 verbose cwd /Users/fabien/Documents/www/timestampbrunch/timestamp-brunch
39 error Darwin 15.0.0
40 error argv "/usr/local/bin/node" "/usr/local/bin/npm" "publish"
41 error node v4.2.1
42 error npm  v2.14.7
43 error code E403
44 error "You cannot publish over the previously published version 0.2.3." : timestamp-brunch
45 error If you need help, you may report this error at:
45 error     <https://github.com/npm/npm/issues>
46 verbose exit [ 1, true ]
